<?xml version="1.0" encoding="UTF-8"?>
<!-- Generated by org.testng.reporters.JUnitReportReporter -->
<testsuite skipped="0" hostname="LH7U05CG6375FW6" name="com.optumrx.irisuiuxqe.ordercreation.tests.OrderCreationTest" tests="3" failures="0" timestamp="06 Mar 2018 13:22:14 GMT" time="101.533" errors="0">
  <testcase name="test" time="26.464" classname="com.optumrx.irisuiuxqe.ordercreation.tests.OrderCreationTest"/>
  <testcase name="oc_RefilRx_01" time="39.616" classname="com.optumrx.irisuiuxqe.ordercreation.tests.OrderCreationTest"/>
  <testcase name="oc_RefilRx_02" time="35.453" classname="com.optumrx.irisuiuxqe.ordercreation.tests.OrderCreationTest"/>
</testsuite> <!-- com.optumrx.irisuiuxqe.ordercreation.tests.OrderCreationTest -->
